<?xml version="1.0" encoding="UTF-8"?>
<!-- Generated by org.testng.reporters.JUnitXMLReporter -->
<testsuite ignored="0" hostname="KalpeshThinkpad" failures="0" tests="12" name="AllPagesTestCases" time="59.305" errors="0" timestamp="2023-06-28T23:37:01 IST">
  <testcase classname="com.sauce.qa.testcases.LoginPageTest" name="loginPageTitleTest" time="0.015"/>
  <testcase classname="com.sauce.qa.testcases.LoginPageTest" name="loginTest" time="0.627"/>
  <testcase classname="com.sauce.qa.testcases.HomePageTest" name="addingBackPackToCartTest" time="0.102"/>
  <testcase classname="com.sauce.qa.testcases.HomePageTest" name="addingBikeLightToCartTest" time="0.084"/>
  <testcase classname="com.sauce.qa.testcases.HomePageTest" name="goToCartTest" time="0.114"/>
  <testcase classname="com.sauce.qa.testcases.HomePageTest" name="verifyHomePageTitleTest" time="0.01"/>
  <testcase classname="com.sauce.qa.testcases.CartPageTest" name="clickCheckoutTest" time="0.067"/>
  <testcase classname="com.sauce.qa.testcases.CartPageTest" name="removeBackpack" time="0.088"/>
  <testcase classname="com.sauce.qa.testcases.CheckoutPageTest" name="checkoutTest" time="0.447"/>
  <testcase classname="com.sauce.qa.testcases.CheckoutOverviewPageTest" name="clickFinishTest" time="0.08"/>
  <testcase classname="com.sauce.qa.testcases.CheckoutOverviewPageTest" name="verifyItemNameTest" time="0.044"/>
  <testcase classname="com.sauce.qa.testcases.CheckoutCompletePageTest" name="verifySuccessMessage" time="0.427"/>
</testsuite> <!-- AllPagesTestCases -->
